<?xml version="1.0" encoding="UTF-8"?>
<!-- Generated by org.testng.reporters.JUnitReportReporter -->
<testsuite hostname="TYSS-Jitendra" failures="0" tests="1" name="assignment.Assignment_4" time="4.564" errors="0" timestamp="2023-11-12T01:36:58 IST" skipped="0">
  <testcase classname="assignment.Assignment_4" name="test" time="4.564"/>
  <system-out/>
</testsuite> <!-- assignment.Assignment_4 -->
