<?xml version="1.0" encoding="UTF-8"?>
<!-- Generated by org.testng.reporters.JUnitReportReporter -->
<testsuite hostname="TYSS-Jitendra" failures="0" tests="1" name="assignment.Assignment_2" time="2.170" errors="0" timestamp="2023-11-12T01:36:58 IST" skipped="0">
  <testcase classname="assignment.Assignment_2" name="test" time="2.170"/>
  <system-out/>
</testsuite> <!-- assignment.Assignment_2 -->
