<?xml version="1.0" encoding="UTF-8"?>
<!-- Generated by org.testng.reporters.JUnitReportReporter -->
<testsuite hostname="TYSS-Jitendra" failures="0" tests="1" name="assignment.Assignment_7" time="3.128" errors="0" timestamp="2023-11-12T01:36:58 IST" skipped="0">
  <testcase classname="assignment.Assignment_7" name="test" time="3.128"/>
  <system-out/>
</testsuite> <!-- assignment.Assignment_7 -->
