<?xml version="1.0" encoding="UTF-8"?>
<!-- Generated by org.testng.reporters.JUnitReportReporter -->
<testsuite hostname="TYSS-Jitendra" failures="0" tests="1" name="assignment.Generic_code_for_add_to_cart" time="2.815" errors="0" timestamp="2023-11-12T01:36:58 IST" skipped="0">
  <testcase classname="assignment.Generic_code_for_add_to_cart" name="test" time="2.815"/>
  <system-out/>
</testsuite> <!-- assignment.Generic_code_for_add_to_cart -->
