<?xml version="1.0" encoding="UTF-8"?>
<!-- Generated by org.testng.reporters.JUnitReportReporter -->
<testsuite hostname="TYSS-Jitendra" failures="0" tests="1" name="assignment.Assignment_1" time="15.777" errors="0" timestamp="2023-12-20T23:14:01 IST" skipped="0">
  <testcase classname="assignment.Assignment_1" name="test" time="15.777"/>
  <system-out/>
</testsuite> <!-- assignment.Assignment_1 -->
